# JRE version: Java(TM) SE Runtime Environment (7.0_40-b43) (build 1.7.0_40-b43)
# Java VM: Java HotSpot(TM) 64-Bit Server VM (24.0-b56 mixed mode bsd-amd64 compressed oops)
Heap
 PSYoungGen      total 932352K, used 99264K [0x00000007aaa80000, 0x0000000800000000, 0x0000000800000000)
  eden space 466432K, 0% used [0x00000007aaa80000,0x00000007aaa80000,0x00000007c7200000)
  from space 465920K, 21% used [0x00000007e3900000,0x00000007e99f0000,0x0000000800000000)
  to   space 465920K, 0% used [0x00000007c7200000,0x00000007c7200000,0x00000007e3900000)
 ParOldGen       total 837120K, used 690765K [0x0000000700000000, 0x0000000733180000, 0x00000007aaa80000)
  object space 837120K, 82% used [0x0000000700000000,0x000000072a293578,0x0000000733180000)
 PSPermGen       total 21504K, used 2855K [0x00000006fae00000, 0x00000006fc300000, 0x0000000700000000)
  object space 21504K, 13% used [0x00000006fae00000,0x00000006fb0c9ce0,0x00000006fc300000)
GC Heap History (10 events):
Event: 108.980 GC heap after
Heap after GC invocations=48 (full 4):
 PSYoungGen      total 894464K, used 158335K [0x00000007aaa80000, 0x00000007fdb00000, 0x0000000800000000)
  eden space 466432K, 0% used [0x00000007aaa80000,0x00000007aaa80000,0x00000007c7200000)
  from space 428032K, 36% used [0x00000007e3900000,0x00000007ed39fc28,0x00000007fdb00000)
  to   space 446976K, 0% used [0x00000007c7200000,0x00000007c7200000,0x00000007e2680000)
 ParOldGen       total 837120K, used 414862K [0x0000000700000000, 0x0000000733180000, 0x00000007aaa80000)
  object space 837120K, 49% used [0x0000000700000000,0x00000007195238a8,0x0000000733180000)
 PSPermGen       total 21504K, used 2855K [0x00000006fae00000, 0x00000006fc300000, 0x0000000700000000)
  object space 21504K, 13% used [0x00000006fae00000,0x00000006fb0c9ce0,0x00000006fc300000)
}
Event: 109.223 GC heap before
{Heap before GC invocations=49 (full 4):
 PSYoungGen      total 894464K, used 624767K [0x00000007aaa80000, 0x00000007fdb00000, 0x0000000800000000)
  eden space 466432K, 100% used [0x00000007aaa80000,0x00000007c7200000,0x00000007c7200000)
  from space 428032K, 36% used [0x00000007e3900000,0x00000007ed39fc28,0x00000007fdb00000)
  to   space 446976K, 0% used [0x00000007c7200000,0x00000007c7200000,0x00000007e2680000)
 ParOldGen       total 837120K, used 414862K [0x0000000700000000, 0x0000000733180000, 0x00000007aaa80000)
  object space 837120K, 49% used [0x0000000700000000,0x00000007195238a8,0x0000000733180000)
 PSPermGen       total 21504K, used 2855K [0x00000006fae00000, 0x00000006fc300000, 0x0000000700000000)
  object space 21504K, 13% used [0x00000006fae00000,0x00000006fb0c9ce0,0x00000006fc300000)
Event: 109.277 GC heap after
Heap after GC invocations=49 (full 4):
 PSYoungGen      total 913408K, used 307646K [0x00000007aaa80000, 0x0000000800000000, 0x0000000800000000)
  eden space 466432K, 0% used [0x00000007aaa80000,0x00000007aaa80000,0x00000007c7200000)
  from space 446976K, 68% used [0x00000007c7200000,0x00000007d9e6f9b0,0x00000007e2680000)
  to   space 463872K, 0% used [0x00000007e3b00000,0x00000007e3b00000,0x0000000800000000)
 ParOldGen       total 837120K, used 414862K [0x0000000700000000, 0x0000000733180000, 0x00000007aaa80000)
  object space 837120K, 49% used [0x0000000700000000,0x00000007195238a8,0x0000000733180000)
 PSPermGen       total 21504K, used 2855K [0x00000006fae00000, 0x00000006fc300000, 0x0000000700000000)
  object space 21504K, 13% used [0x00000006fae00000,0x00000006fb0c9ce0,0x00000006fc300000)
}
Event: 109.599 GC heap before
{Heap before GC invocations=50 (full 4):
 PSYoungGen      total 913408K, used 774078K [0x00000007aaa80000, 0x0000000800000000, 0x0000000800000000)
  eden space 466432K, 100% used [0x00000007aaa80000,0x00000007c7200000,0x00000007c7200000)
  from space 446976K, 68% used [0x00000007c7200000,0x00000007d9e6f9b0,0x00000007e2680000)
  to   space 463872K, 0% used [0x00000007e3b00000,0x00000007e3b00000,0x0000000800000000)
 ParOldGen       total 837120K, used 414862K [0x0000000700000000, 0x0000000733180000, 0x00000007aaa80000)
  object space 837120K, 49% used [0x0000000700000000,0x00000007195238a8,0x0000000733180000)
 PSPermGen       total 21504K, used 2855K [0x00000006fae00000, 0x00000006fc300000, 0x0000000700000000)
  object space 21504K, 13% used [0x00000006fae00000,0x00000006fb0c9ce0,0x00000006fc300000)
Event: 109.658 GC heap after
Heap after GC invocations=50 (full 4):
 PSYoungGen      total 930304K, used 327456K [0x00000007aaa80000, 0x0000000800000000, 0x0000000800000000)
  eden space 466432K, 0% used [0x00000007aaa80000,0x00000007aaa80000,0x00000007c7200000)
  from space 463872K, 70% used [0x00000007e3b00000,0x00000007f7ac81f8,0x0000000800000000)
  to   space 465920K, 0% used [0x00000007c7200000,0x00000007c7200000,0x00000007e3900000)
 ParOldGen       total 837120K, used 428452K [0x0000000700000000, 0x0000000733180000, 0x00000007aaa80000)
  object space 837120K, 51% used [0x0000000700000000,0x000000071a269060,0x0000000733180000)
 PSPermGen       total 21504K, used 2855K [0x00000006fae00000, 0x00000006fc300000, 0x0000000700000000)
  object space 21504K, 13% used [0x00000006fae00000,0x00000006fb0c9ce0,0x00000006fc300000)
}
Event: 109.967 GC heap before
{Heap before GC invocations=51 (full 4):
 PSYoungGen      total 930304K, used 793888K [0x00000007aaa80000, 0x0000000800000000, 0x0000000800000000)
  eden space 466432K, 100% used [0x00000007aaa80000,0x00000007c7200000,0x00000007c7200000)
  from space 463872K, 70% used [0x00000007e3b00000,0x00000007f7ac81f8,0x0000000800000000)
  to   space 465920K, 0% used [0x00000007c7200000,0x00000007c7200000,0x00000007e3900000)
 ParOldGen       total 837120K, used 428452K [0x0000000700000000, 0x0000000733180000, 0x00000007aaa80000)
  object space 837120K, 51% used [0x0000000700000000,0x000000071a269060,0x0000000733180000)
 PSPermGen       total 21504K, used 2855K [0x00000006fae00000, 0x00000006fc300000, 0x0000000700000000)
  object space 21504K, 13% used [0x00000006fae00000,0x00000006fb0c9ce0,0x00000006fc300000)
Event: 110.029 GC heap after
Heap after GC invocations=51 (full 4):
 PSYoungGen      total 932352K, used 331462K [0x00000007aaa80000, 0x0000000800000000, 0x0000000800000000)
  eden space 466432K, 0% used [0x00000007aaa80000,0x00000007aaa80000,0x00000007c7200000)
  from space 465920K, 71% used [0x00000007c7200000,0x00000007db5b1aa0,0x00000007e3900000)
  to   space 465920K, 0% used [0x00000007e3900000,0x00000007e3900000,0x0000000800000000)
 ParOldGen       total 837120K, used 457413K [0x0000000700000000, 0x0000000733180000, 0x00000007aaa80000)
  object space 837120K, 54% used [0x0000000700000000,0x000000071beb17b8,0x0000000733180000)
 PSPermGen       total 21504K, used 2855K [0x00000006fae00000, 0x00000006fc300000, 0x0000000700000000)
  object space 21504K, 13% used [0x00000006fae00000,0x00000006fb0c9ce0,0x00000006fc300000)
}
Event: 110.347 GC heap before
{Heap before GC invocations=52 (full 4):
 PSYoungGen      total 932352K, used 797894K [0x00000007aaa80000, 0x0000000800000000, 0x0000000800000000)
  eden space 466432K, 100% used [0x00000007aaa80000,0x00000007c7200000,0x00000007c7200000)
  from space 465920K, 71% used [0x00000007c7200000,0x00000007db5b1aa0,0x00000007e3900000)
  to   space 465920K, 0% used [0x00000007e3900000,0x00000007e3900000,0x0000000800000000)
 ParOldGen       total 837120K, used 457413K [0x0000000700000000, 0x0000000733180000, 0x00000007aaa80000)
  object space 837120K, 54% used [0x0000000700000000,0x000000071beb17b8,0x0000000733180000)
 PSPermGen       total 21504K, used 2855K [0x00000006fae00000, 0x00000006fc300000, 0x0000000700000000)
  object space 21504K, 13% used [0x00000006fae00000,0x00000006fb0c9ce0,0x00000006fc300000)
Event: 110.448 GC heap after
Heap after GC invocations=52 (full 4):
 PSYoungGen      total 932352K, used 99264K [0x00000007aaa80000, 0x0000000800000000, 0x0000000800000000)
  eden space 466432K, 0% used [0x00000007aaa80000,0x00000007aaa80000,0x00000007c7200000)
  from space 465920K, 21% used [0x00000007e3900000,0x00000007e99f0000,0x0000000800000000)
  to   space 465920K, 0% used [0x00000007c7200000,0x00000007c7200000,0x00000007e3900000)
 ParOldGen       total 837120K, used 690765K [0x0000000700000000, 0x0000000733180000, 0x00000007aaa80000)
  object space 837120K, 82% used [0x0000000700000000,0x000000072a293578,0x0000000733180000)
 PSPermGen       total 21504K, used 2855K [0x00000006fae00000, 0x00000006fc300000, 0x0000000700000000)
  object space 21504K, 13% used [0x00000006fae00000,0x00000006fb0c9ce0,0x00000006fc300000)
}
Event: 110.448 GC heap before
{Heap before GC invocations=53 (full 5):
 PSYoungGen      total 932352K, used 99264K [0x00000007aaa80000, 0x0000000800000000, 0x0000000800000000)
  eden space 466432K, 0% used [0x00000007aaa80000,0x00000007aaa80000,0x00000007c7200000)
  from space 465920K, 21% used [0x00000007e3900000,0x00000007e99f0000,0x0000000800000000)
  to   space 465920K, 0% used [0x00000007c7200000,0x00000007c7200000,0x00000007e3900000)
 ParOldGen       total 837120K, used 690765K [0x0000000700000000, 0x0000000733180000, 0x00000007aaa80000)
  object space 837120K, 82% used [0x0000000700000000,0x000000072a293578,0x0000000733180000)
 PSPermGen       total 21504K, used 2855K [0x00000006fae00000, 0x00000006fc300000, 0x0000000700000000)
  object space 21504K, 13% used [0x00000006fae00000,0x00000006fb0c9ce0,0x00000006fc300000)

