# JRE version: Java(TM) SE Runtime Environment (7.0_40-b43) (build 1.7.0_40-b43)
# Java VM: Java HotSpot(TM) 64-Bit Server VM (24.0-b56 mixed mode bsd-amd64 compressed oops)
Heap
 PSYoungGen      total 274944K, used 254573K [0x00000007aaa80000, 0x00000007bc180000, 0x0000000800000000)
  eden space 264192K, 92% used [0x00000007aaa80000,0x00000007b989d9b8,0x00000007bac80000)
  from space 10752K, 99% used [0x00000007bb700000,0x00000007bc17daa8,0x00000007bc180000)
  to   space 10752K, 0% used [0x00000007bac80000,0x00000007bac80000,0x00000007bb700000)
 ParOldGen       total 174592K, used 86856K [0x0000000700000000, 0x000000070aa80000, 0x00000007aaa80000)
  object space 174592K, 49% used [0x0000000700000000,0x00000007054d2028,0x000000070aa80000)
 PSPermGen       total 21504K, used 2819K [0x00000006fae00000, 0x00000006fc300000, 0x0000000700000000)
  object space 21504K, 13% used [0x00000006fae00000,0x00000006fb0c0e78,0x00000006fc300000)
GC Heap History (8 events):
Event: 0.263 GC heap before
{Heap before GC invocations=1 (full 0):
 PSYoungGen      total 76800K, used 62505K [0x00000007aaa80000, 0x00000007b0000000, 0x0000000800000000)
  eden space 66048K, 94% used [0x00000007aaa80000,0x00000007ae78a708,0x00000007aeb00000)
  from space 10752K, 0% used [0x00000007af580000,0x00000007af580000,0x00000007b0000000)
  to   space 10752K, 0% used [0x00000007aeb00000,0x00000007aeb00000,0x00000007af580000)
 ParOldGen       total 174592K, used 34962K [0x0000000700000000, 0x000000070aa80000, 0x00000007aaa80000)
  object space 174592K, 20% used [0x0000000700000000,0x0000000702224aa0,0x000000070aa80000)
 PSPermGen       total 21504K, used 2700K [0x00000006fae00000, 0x00000006fc300000, 0x0000000700000000)
  object space 21504K, 12% used [0x00000006fae00000,0x00000006fb0a31d0,0x00000006fc300000)
Event: 0.272 GC heap after
Heap after GC invocations=1 (full 0):
 PSYoungGen      total 76800K, used 9188K [0x00000007aaa80000, 0x00000007b4080000, 0x0000000800000000)
  eden space 66048K, 0% used [0x00000007aaa80000,0x00000007aaa80000,0x00000007aeb00000)
  from space 10752K, 85% used [0x00000007aeb00000,0x00000007af3f92b8,0x00000007af580000)
  to   space 10752K, 0% used [0x00000007b3600000,0x00000007b3600000,0x00000007b4080000)
 ParOldGen       total 174592K, used 43703K [0x0000000700000000, 0x000000070aa80000, 0x00000007aaa80000)
  object space 174592K, 25% used [0x0000000700000000,0x0000000702aadd58,0x000000070aa80000)
 PSPermGen       total 21504K, used 2700K [0x00000006fae00000, 0x00000006fc300000, 0x0000000700000000)
  object space 21504K, 12% used [0x00000006fae00000,0x00000006fb0a31d0,0x00000006fc300000)
}
Event: 0.354 GC heap before
{Heap before GC invocations=2 (full 0):
 PSYoungGen      total 76800K, used 73689K [0x00000007aaa80000, 0x00000007b4080000, 0x0000000800000000)
  eden space 66048K, 97% used [0x00000007aaa80000,0x00000007ae97d518,0x00000007aeb00000)
  from space 10752K, 85% used [0x00000007aeb00000,0x00000007af3f92b8,0x00000007af580000)
  to   space 10752K, 0% used [0x00000007b3600000,0x00000007b3600000,0x00000007b4080000)
 ParOldGen       total 174592K, used 43703K [0x0000000700000000, 0x000000070aa80000, 0x00000007aaa80000)
  object space 174592K, 25% used [0x0000000700000000,0x0000000702aadd58,0x000000070aa80000)
 PSPermGen       total 21504K, used 2708K [0x00000006fae00000, 0x00000006fc300000, 0x0000000700000000)
  object space 21504K, 12% used [0x00000006fae00000,0x00000006fb0a50f0,0x00000006fc300000)
Event: 0.360 GC heap after
Heap after GC invocations=2 (full 0):
 PSYoungGen      total 142848K, used 9124K [0x00000007aaa80000, 0x00000007b4080000, 0x0000000800000000)
  eden space 132096K, 0% used [0x00000007aaa80000,0x00000007aaa80000,0x00000007b2b80000)
  from space 10752K, 84% used [0x00000007b3600000,0x00000007b3ee92f0,0x00000007b4080000)
  to   space 10752K, 0% used [0x00000007b2b80000,0x00000007b2b80000,0x00000007b3600000)
 ParOldGen       total 174592K, used 43711K [0x0000000700000000, 0x000000070aa80000, 0x00000007aaa80000)
  object space 174592K, 25% used [0x0000000700000000,0x0000000702aafd58,0x000000070aa80000)
 PSPermGen       total 21504K, used 2708K [0x00000006fae00000, 0x00000006fc300000, 0x0000000700000000)
  object space 21504K, 12% used [0x00000006fae00000,0x00000006fb0a50f0,0x00000006fc300000)
}
Event: 0.548 GC heap before
{Heap before GC invocations=3 (full 0):
 PSYoungGen      total 142848K, used 141220K [0x00000007aaa80000, 0x00000007b4080000, 0x0000000800000000)
  eden space 132096K, 100% used [0x00000007aaa80000,0x00000007b2b80000,0x00000007b2b80000)
  from space 10752K, 84% used [0x00000007b3600000,0x00000007b3ee92f0,0x00000007b4080000)
  to   space 10752K, 0% used [0x00000007b2b80000,0x00000007b2b80000,0x00000007b3600000)
 ParOldGen       total 174592K, used 43711K [0x0000000700000000, 0x000000070aa80000, 0x00000007aaa80000)
  object space 174592K, 25% used [0x0000000700000000,0x0000000702aafd58,0x000000070aa80000)
 PSPermGen       total 21504K, used 2733K [0x00000006fae00000, 0x00000006fc300000, 0x0000000700000000)
  object space 21504K, 12% used [0x00000006fae00000,0x00000006fb0ab620,0x00000006fc300000)
Event: 0.581 GC heap after
Heap after GC invocations=3 (full 0):
 PSYoungGen      total 142848K, used 10742K [0x00000007aaa80000, 0x00000007bc180000, 0x0000000800000000)
  eden space 132096K, 0% used [0x00000007aaa80000,0x00000007aaa80000,0x00000007b2b80000)
  from space 10752K, 99% used [0x00000007b2b80000,0x00000007b35fdaa8,0x00000007b3600000)
  to   space 10752K, 0% used [0x00000007bb700000,0x00000007bb700000,0x00000007bc180000)
 ParOldGen       total 174592K, used 75155K [0x0000000700000000, 0x000000070aa80000, 0x00000007aaa80000)
  object space 174592K, 43% used [0x0000000700000000,0x0000000704964ed8,0x000000070aa80000)
 PSPermGen       total 21504K, used 2733K [0x00000006fae00000, 0x00000006fc300000, 0x0000000700000000)
  object space 21504K, 12% used [0x00000006fae00000,0x00000006fb0ab620,0x00000006fc300000)
}
Event: 0.674 GC heap before
{Heap before GC invocations=4 (full 0):
 PSYoungGen      total 142848K, used 142838K [0x00000007aaa80000, 0x00000007bc180000, 0x0000000800000000)
  eden space 132096K, 100% used [0x00000007aaa80000,0x00000007b2b80000,0x00000007b2b80000)
  from space 10752K, 99% used [0x00000007b2b80000,0x00000007b35fdaa8,0x00000007b3600000)
  to   space 10752K, 0% used [0x00000007bb700000,0x00000007bb700000,0x00000007bc180000)
 ParOldGen       total 174592K, used 75155K [0x0000000700000000, 0x000000070aa80000, 0x00000007aaa80000)
  object space 174592K, 43% used [0x0000000700000000,0x0000000704964ed8,0x000000070aa80000)
 PSPermGen       total 21504K, used 2734K [0x00000006fae00000, 0x00000006fc300000, 0x0000000700000000)
  object space 21504K, 12% used [0x00000006fae00000,0x00000006fb0ab828,0x00000006fc300000)
Event: 0.685 GC heap after
Heap after GC invocations=4 (full 0):
 PSYoungGen      total 274944K, used 10742K [0x00000007aaa80000, 0x00000007bc180000, 0x0000000800000000)
  eden space 264192K, 0% used [0x00000007aaa80000,0x00000007aaa80000,0x00000007bac80000)
  from space 10752K, 99% used [0x00000007bb700000,0x00000007bc17daa8,0x00000007bc180000)
  to   space 10752K, 0% used [0x00000007bac80000,0x00000007bac80000,0x00000007bb700000)
 ParOldGen       total 174592K, used 86856K [0x0000000700000000, 0x000000070aa80000, 0x00000007aaa80000)
  object space 174592K, 49% used [0x0000000700000000,0x00000007054d2028,0x000000070aa80000)
 PSPermGen       total 21504K, used 2734K [0x00000006fae00000, 0x00000006fc300000, 0x0000000700000000)
  object space 21504K, 12% used [0x00000006fae00000,0x00000006fb0ab828,0x00000006fc300000)
}

